[debug] [2026-05-05T12:02:57.055Z] ----------------------------------------------------------------------
[debug] [2026-05-05T12:02:57.059Z] Command:       /Users/ronjafuchs/.nvm/versions/node/v22.22.2/bin/node /Users/ronjafuchs/.nvm/versions/node/v22.22.2/bin/firebase deploy
[debug] [2026-05-05T12:02:57.059Z] CLI Version:   15.16.0
[debug] [2026-05-05T12:02:57.059Z] Platform:      darwin
[debug] [2026-05-05T12:02:57.060Z] Node Version:  v22.22.2
[debug] [2026-05-05T12:02:57.060Z] Time:          Tue May 05 2026 14:02:57 GMT+0200 (Mitteleuropäische Sommerzeit)
[debug] [2026-05-05T12:02:57.060Z] ----------------------------------------------------------------------
[debug] 
[debug] [2026-05-05T12:02:58.619Z] > command requires scopes: ["email","openid","https://www.googleapis.com/auth/cloudplatformprojects.readonly","https://www.googleapis.com/auth/firebase","https://www.googleapis.com/auth/cloud-platform"]
[debug] [2026-05-05T12:02:58.620Z] > authorizing via signed-in user (ocrispy62@gmail.com)
[debug] [2026-05-05T12:02:58.620Z] [iam] checking project university-esports-hanno-9ee5e for permissions ["firebase.projects.get","firebasehosting.sites.update"]
[debug] [2026-05-05T12:02:58.621Z] Checked if tokens are valid: true, expires at: 1777986150844
[debug] [2026-05-05T12:02:58.621Z] Checked if tokens are valid: true, expires at: 1777986150844
[debug] [2026-05-05T12:02:58.623Z] >>> [apiv2][query] POST https://cloudresourcemanager.googleapis.com/v1/projects/university-esports-hanno-9ee5e:testIamPermissions [none]
[debug] [2026-05-05T12:02:58.623Z] >>> [apiv2][(partial)header] POST https://cloudresourcemanager.googleapis.com/v1/projects/university-esports-hanno-9ee5e:testIamPermissions  x-goog-user-project=university-esports-hanno-9ee5e
[debug] [2026-05-05T12:02:58.623Z] >>> [apiv2][body] POST https://cloudresourcemanager.googleapis.com/v1/projects/university-esports-hanno-9ee5e:testIamPermissions {"permissions":["firebase.projects.get","firebasehosting.sites.update"]}
[debug] [2026-05-05T12:02:59.755Z] <<< [apiv2][status] POST https://cloudresourcemanager.googleapis.com/v1/projects/university-esports-hanno-9ee5e:testIamPermissions 403
[debug] [2026-05-05T12:02:59.756Z] <<< [apiv2][body] POST https://cloudresourcemanager.googleapis.com/v1/projects/university-esports-hanno-9ee5e:testIamPermissions {"error":{"code":403,"message":"Caller does not have required permission to use project university-esports-hanno-9ee5e. Grant the caller the roles/serviceusage.serviceUsageConsumer role, or a custom role with the serviceusage.services.use permission, by visiting https://console.developers.google.com/iam-admin/iam?project=university-esports-hanno-9ee5e and then retry. Propagation of the new permission may take a few minutes.","status":"PERMISSION_DENIED","details":[{"@type":"type.googleapis.com/google.rpc.ErrorInfo","reason":"USER_PROJECT_DENIED","domain":"googleapis.com","metadata":{"containerInfo":"university-esports-hanno-9ee5e","service":"cloudresourcemanager.googleapis.com","consoleUrl":"https://console.developers.google.com/iam-admin/iam?project=university-esports-hanno-9ee5e","consumer":"projects/university-esports-hanno-9ee5e"}},{"@type":"type.googleapis.com/google.rpc.LocalizedMessage","locale":"en-US","message":"Caller does not have required permission to use project university-esports-hanno-9ee5e. Grant the caller the roles/serviceusage.serviceUsageConsumer role, or a custom role with the serviceusage.services.use permission, by visiting https://console.developers.google.com/iam-admin/iam?project=university-esports-hanno-9ee5e and then retry. Propagation of the new permission may take a few minutes."},{"@type":"type.googleapis.com/google.rpc.Help","links":[{"description":"Google developer console IAM admin","url":"https://console.developers.google.com/iam-admin/iam?project=university-esports-hanno-9ee5e"}]}]}}
[debug] [2026-05-05T12:02:59.757Z] [iam] error while checking permissions, command may fail: Request to https://cloudresourcemanager.googleapis.com/v1/projects/university-esports-hanno-9ee5e:testIamPermissions had HTTP Error: 403, Caller does not have required permission to use project university-esports-hanno-9ee5e. Grant the caller the roles/serviceusage.serviceUsageConsumer role, or a custom role with the serviceusage.services.use permission, by visiting https://console.developers.google.com/iam-admin/iam?project=university-esports-hanno-9ee5e and then retry. Propagation of the new permission may take a few minutes.
[debug] [2026-05-05T12:02:59.758Z] Checked if tokens are valid: true, expires at: 1777986150844
[debug] [2026-05-05T12:02:59.758Z] Checked if tokens are valid: true, expires at: 1777986150844
[debug] [2026-05-05T12:02:59.758Z] >>> [apiv2][query] GET https://firebase.googleapis.com/v1beta1/projects/university-esports-hanno-9ee5e [none]
[debug] [2026-05-05T12:03:00.186Z] <<< [apiv2][status] GET https://firebase.googleapis.com/v1beta1/projects/university-esports-hanno-9ee5e 403
[debug] [2026-05-05T12:03:00.187Z] <<< [apiv2][body] GET https://firebase.googleapis.com/v1beta1/projects/university-esports-hanno-9ee5e {"error":{"code":403,"message":"The caller does not have permission","status":"PERMISSION_DENIED"}}
[debug] [2026-05-05T12:03:00.187Z] Request to https://firebase.googleapis.com/v1beta1/projects/university-esports-hanno-9ee5e had HTTP Error: 403, The caller does not have permission
[debug] [2026-05-05T12:03:00.287Z] FirebaseError: Request to https://firebase.googleapis.com/v1beta1/projects/university-esports-hanno-9ee5e had HTTP Error: 403, The caller does not have permission
    at responseToError (/Users/ronjafuchs/.nvm/versions/node/v22.22.2/lib/node_modules/firebase-tools/lib/responseToError.js:53:12)
    at RetryOperation._fn (/Users/ronjafuchs/.nvm/versions/node/v22.22.2/lib/node_modules/firebase-tools/lib/apiv2.js:333:77)
    at process.processTicksAndRejections (node:internal/process/task_queues:103:5)
[error] 
[error] Error: Failed to get Firebase project university-esports-hanno-9ee5e. Please make sure the project exists and your account has permission to access it.
